7.1.2016 21:29:39	This log contains information about the import schema operation into project 'Dalyan.Database' on computer 'SPONGEBOB' by user 'ahmet'.
7.1.2016 21:29:39	Import of database schema has started.
7.1.2016 21:29:46	Gathering database options
7.1.2016 21:29:46	Gathering users
7.1.2016 21:29:46	Gathering roles
7.1.2016 21:29:46	Gathering application roles
7.1.2016 21:29:46	Gathering role memberships
7.1.2016 21:29:46	Gathering filegroups
7.1.2016 21:29:46	Gathering full-text catalogs
7.1.2016 21:29:46	Gathering assemblies
7.1.2016 21:29:46	Gathering certificates
7.1.2016 21:29:46	Gathering asymmetric keys
7.1.2016 21:29:46	Gathering symmetric keys
7.1.2016 21:29:46	Gathering encrypted symmetric keys
7.1.2016 21:29:46	Gathering schemas
7.1.2016 21:29:46	Gathering XML schema collections
7.1.2016 21:29:46	Gathering user-defined data types
7.1.2016 21:29:46	Gathering user-defined types
7.1.2016 21:29:46	Gathering table types
7.1.2016 21:29:46	Gathering unique keys for table types
7.1.2016 21:29:46	Gathering primary keys for table types
7.1.2016 21:29:46	Gathering check constraints for table types
7.1.2016 21:29:46	Gathering default constraints for table types
7.1.2016 21:29:46	Gathering partition functions
7.1.2016 21:29:46	Gathering partition schemes
7.1.2016 21:29:46	Gathering functions
7.1.2016 21:29:46	Gathering encrypted functions
7.1.2016 21:29:46	Gathering aggregates
7.1.2016 21:29:46	Gathering procedures
7.1.2016 21:29:46	Gathering encrypted procedures
7.1.2016 21:29:46	Gathering tables
7.1.2016 21:29:47	Gathering primary keys
7.1.2016 21:29:47	Gathering unique constraints
7.1.2016 21:29:47	Gathering foreign keys
7.1.2016 21:29:47	Gathering default constraints
7.1.2016 21:29:47	Gathering check constraints
7.1.2016 21:29:47	Gathering views
7.1.2016 21:29:47	Gathering encrypted views
7.1.2016 21:29:47	Gathering indexes
7.1.2016 21:29:47	Gathering statistics
7.1.2016 21:29:47	Gathering full-text index stoplists
7.1.2016 21:29:47	Gathering search property lists
7.1.2016 21:29:47	Gathering search properties
7.1.2016 21:29:47	Gathering full-text indexes
7.1.2016 21:29:47	Gathering column store indexes
7.1.2016 21:29:47	Gathering spatial indexes
7.1.2016 21:29:47	Gathering XML indexes
7.1.2016 21:29:47	Gathering Selective XML indexes
7.1.2016 21:29:47	Gathering encrypted triggers
7.1.2016 21:29:47	Gathering triggers
7.1.2016 21:29:47	Gathering encrypted and clr ddl triggers
7.1.2016 21:29:47	Gathering ddl triggers
7.1.2016 21:29:47	Gathering synonyms
7.1.2016 21:29:47	Gathering defaults
7.1.2016 21:29:47	Gathering data constraint uddt bindings
7.1.2016 21:29:47	Gathering rules
7.1.2016 21:29:47	Gathering data constraint uddt bindings
7.1.2016 21:29:47	Gathering message types
7.1.2016 21:29:47	Gathering queues
7.1.2016 21:29:47	Gathering contracts
7.1.2016 21:29:47	Gathering services
7.1.2016 21:29:47	Gathering event notifications
7.1.2016 21:29:47	Gathering remote service bindings
7.1.2016 21:29:47	Gathering broker priorities
7.1.2016 21:29:47	Gathering signatures
7.1.2016 21:29:47	Gathering data compression options
7.1.2016 21:29:47	Gathering sequence types
7.1.2016 21:29:47	Gathering extended properties
7.1.2016 21:29:47	Gathering credentials
7.1.2016 21:29:47	Gathering logins
7.1.2016 21:29:47	Gathering server audits
7.1.2016 21:29:48	Scanning project for duplicate elements
7.1.2016 21:29:48	Finished duplicate element processing
7.1.2016 21:29:48	Finished importing database.
7.1.2016 21:29:48	A summary of the import was saved to the following location: D:\GitHub\Dalyan\Dalyan.Database\Import Schema Logs\Dalyan.Database_20160107072939.log
7.1.2016 21:29:48	Click Finish to continue...
